0 info it worked if it ends with ok
1 verbose cli [ 'node', '/usr/local/bin/npm', 'install', '-g', 'livereloadx' ]
2 info using npm@1.4.28
3 info using node@v0.10.33
4 verbose cache add [ 'livereloadx', null ]
5 verbose cache add name=undefined spec="livereloadx" args=["livereloadx",null]
6 verbose parsed url { protocol: null,
6 verbose parsed url   slashes: null,
6 verbose parsed url   auth: null,
6 verbose parsed url   host: null,
6 verbose parsed url   port: null,
6 verbose parsed url   hostname: null,
6 verbose parsed url   hash: null,
6 verbose parsed url   search: null,
6 verbose parsed url   query: null,
6 verbose parsed url   pathname: 'livereloadx',
6 verbose parsed url   path: 'livereloadx',
6 verbose parsed url   href: 'livereloadx' }
7 silly lockFile ac4857ea-livereloadx livereloadx
8 verbose lock livereloadx /Users/admin/.npm/ac4857ea-livereloadx.lock
9 silly lockFile ac4857ea-livereloadx livereloadx
10 silly lockFile ac4857ea-livereloadx livereloadx
11 verbose addNamed [ 'livereloadx', '' ]
12 verbose addNamed [ null, '*' ]
13 silly lockFile c3b44f23-livereloadx livereloadx@
14 verbose lock livereloadx@ /Users/admin/.npm/c3b44f23-livereloadx.lock
15 silly addNameRange { name: 'livereloadx', range: '*', hasData: false }
16 verbose request where is /livereloadx
17 verbose request registry https://registry.npmjs.org/
18 verbose request id 5105cb4ad07494ad
19 verbose url raw /livereloadx
20 verbose url resolving [ 'https://registry.npmjs.org/', './livereloadx' ]
21 verbose url resolved https://registry.npmjs.org/livereloadx
22 verbose request where is https://registry.npmjs.org/livereloadx
23 info trying registry request attempt 1 at 13:24:07
24 http GET https://registry.npmjs.org/livereloadx
25 http 200 https://registry.npmjs.org/livereloadx
26 silly registry.get cb [ 200,
26 silly registry.get   { date: 'Mon, 15 Dec 2014 12:24:07 GMT',
26 silly registry.get     server: 'CouchDB/1.5.0 (Erlang OTP/R16B03)',
26 silly registry.get     etag: '"DL3URVKO3PC6YRTEG8WKXFDYF"',
26 silly registry.get     'content-type': 'application/json',
26 silly registry.get     'cache-control': 'max-age=60',
26 silly registry.get     'content-length': '23424',
26 silly registry.get     'accept-ranges': 'bytes',
26 silly registry.get     via: '1.1 varnish',
26 silly registry.get     age: '0',
26 silly registry.get     'x-served-by': 'cache-ams4134-AMS',
26 silly registry.get     'x-cache': 'MISS',
26 silly registry.get     'x-cache-hits': '0',
26 silly registry.get     'x-timer': 'S1418646247.446963,VS0,VE473',
26 silly registry.get     vary: 'Accept',
26 silly registry.get     'keep-alive': 'timeout=10, max=50',
26 silly registry.get     connection: 'Keep-Alive' } ]
27 silly addNameRange number 2 { name: 'livereloadx', range: '*', hasData: true }
28 silly addNameRange versions [ 'livereloadx',
28 silly addNameRange   [ '0.0.1',
28 silly addNameRange     '0.0.2',
28 silly addNameRange     '0.0.3',
28 silly addNameRange     '0.0.4',
28 silly addNameRange     '0.0.5',
28 silly addNameRange     '0.0.6',
28 silly addNameRange     '0.0.7',
28 silly addNameRange     '0.1.0',
28 silly addNameRange     '0.2.0',
28 silly addNameRange     '0.2.1',
28 silly addNameRange     '0.3.0',
28 silly addNameRange     '0.3.1',
28 silly addNameRange     '0.3.2',
28 silly addNameRange     '0.3.3',
28 silly addNameRange     '0.3.4',
28 silly addNameRange     '0.3.5',
28 silly addNameRange     '0.3.6',
28 silly addNameRange     '0.3.7' ] ]
29 verbose addNamed [ 'livereloadx', '0.3.7' ]
30 verbose addNamed [ '0.3.7', '0.3.7' ]
31 silly lockFile 6fddca35-livereloadx-0-3-7 livereloadx@0.3.7
32 verbose lock livereloadx@0.3.7 /Users/admin/.npm/6fddca35-livereloadx-0-3-7.lock
33 silly lockFile f16c0b81-ivereloadx-livereloadx-0-3-7-tgz https://registry.npmjs.org/livereloadx/-/livereloadx-0.3.7.tgz
34 verbose lock https://registry.npmjs.org/livereloadx/-/livereloadx-0.3.7.tgz /Users/admin/.npm/f16c0b81-ivereloadx-livereloadx-0-3-7-tgz.lock
35 verbose addRemoteTarball [ 'https://registry.npmjs.org/livereloadx/-/livereloadx-0.3.7.tgz',
35 verbose addRemoteTarball   'f4facafe0a98790237372fff06267ea211af20f4' ]
36 info retry fetch attempt 1 at 13:24:08
37 verbose fetch to= /var/folders/gc/7d8zy6tn2dx3kd6332rv403r0000gn/T/npm-96944-PugZRYrp/registry.npmjs.org/livereloadx/-/livereloadx-0.3.7.tgz
38 http GET https://registry.npmjs.org/livereloadx/-/livereloadx-0.3.7.tgz
39 http 200 https://registry.npmjs.org/livereloadx/-/livereloadx-0.3.7.tgz
40 silly lockFile f16c0b81-ivereloadx-livereloadx-0-3-7-tgz https://registry.npmjs.org/livereloadx/-/livereloadx-0.3.7.tgz
41 silly lockFile f16c0b81-ivereloadx-livereloadx-0-3-7-tgz https://registry.npmjs.org/livereloadx/-/livereloadx-0.3.7.tgz
42 silly lockFile 6fddca35-livereloadx-0-3-7 livereloadx@0.3.7
43 silly lockFile 6fddca35-livereloadx-0-3-7 livereloadx@0.3.7
44 silly lockFile c3b44f23-livereloadx livereloadx@
45 silly lockFile c3b44f23-livereloadx livereloadx@
46 silly resolved [ { name: 'livereloadx',
46 silly resolved     version: '0.3.7',
46 silly resolved     description: 'An implementation of the LiveReload 2 server in Node.js',
46 silly resolved     main: 'lib/index',
46 silly resolved     bin: { livereloadx: 'bin/livereloadx.js' },
46 silly resolved     repository:
46 silly resolved      { type: 'git',
46 silly resolved        url: 'https://github.com/nitoyon/livereloadx.git' },
46 silly resolved     bugs: { url: 'https://github.com/nitoyon/livereloadx/issues' },
46 silly resolved     dependencies:
46 silly resolved      { commander: '~2.3.0',
46 silly resolved        debug: '~2.0.0',
46 silly resolved        fsmonitor: '~ 0.2.4',
46 silly resolved        'http-proxy': '~ 0.8.7',
46 silly resolved        minimatch: '~ 0.2.11',
46 silly resolved        pause: '~ 0.0.1',
46 silly resolved        send: '~ 0.9.3',
46 silly resolved        ws: '~ 0.4.25' },
46 silly resolved     devDependencies:
46 silly resolved      { grunt: '~0.4.1',
46 silly resolved        mocha: '>= 1.7.4',
46 silly resolved        should: '~ 2.1.1',
46 silly resolved        'grunt-contrib-jshint': '~0.1.1',
46 silly resolved        'grunt-contrib-watch': '~0.4.4',
46 silly resolved        'grunt-mocha-test': '~0.5.0' },
46 silly resolved     author: { name: 'Kenichi Saita', email: 'nitoyon@gmail.com' },
46 silly resolved     licenses: [ [Object] ],
46 silly resolved     directories: { test: 'test' },
46 silly resolved     engines: { node: '>= 0.8.0' },
46 silly resolved     scripts: { test: 'mocha' },
46 silly resolved     keywords: [ 'LiveReload', 'browser', 'gruntplugin', 'test' ],
46 silly resolved     _id: 'livereloadx@0.3.7',
46 silly resolved     dist:
46 silly resolved      { shasum: 'f4facafe0a98790237372fff06267ea211af20f4',
46 silly resolved        tarball: 'http://registry.npmjs.org/livereloadx/-/livereloadx-0.3.7.tgz' },
46 silly resolved     _from: 'livereloadx@',
46 silly resolved     _npmVersion: '1.3.11',
46 silly resolved     _npmUser: { name: 'nitoyon', email: 'nitoyon@gmail.com' },
46 silly resolved     maintainers: [ [Object] ],
46 silly resolved     _shasum: 'f4facafe0a98790237372fff06267ea211af20f4',
46 silly resolved     _resolved: 'https://registry.npmjs.org/livereloadx/-/livereloadx-0.3.7.tgz' } ]
47 info install livereloadx@0.3.7 into /usr/local/lib
48 info installOne livereloadx@0.3.7
49 verbose lib/node_modules/livereloadx unbuild
50 verbose tar unpack /Users/admin/.npm/livereloadx/0.3.7/package.tgz
51 silly lockFile ec52b056-cal-lib-node-modules-livereloadx tar:///usr/local/lib/node_modules/livereloadx
52 verbose lock tar:///usr/local/lib/node_modules/livereloadx /Users/admin/.npm/ec52b056-cal-lib-node-modules-livereloadx.lock
53 silly lockFile 5f48a3a5-pm-livereloadx-0-3-7-package-tgz tar:///Users/admin/.npm/livereloadx/0.3.7/package.tgz
54 verbose lock tar:///Users/admin/.npm/livereloadx/0.3.7/package.tgz /Users/admin/.npm/5f48a3a5-pm-livereloadx-0-3-7-package-tgz.lock
55 silly gunzTarPerm modes [ '755', '644' ]
56 error Error: EACCES, mkdir '/usr/local/lib/node_modules/livereloadx'
56 error  { [Error: EACCES, mkdir '/usr/local/lib/node_modules/livereloadx']
56 error   errno: 3,
56 error   code: 'EACCES',
56 error   path: '/usr/local/lib/node_modules/livereloadx',
56 error   fstream_type: 'Directory',
56 error   fstream_path: '/usr/local/lib/node_modules/livereloadx',
56 error   fstream_class: 'DirWriter',
56 error   fstream_stack:
56 error    [ '/usr/local/lib/node_modules/npm/node_modules/fstream/lib/dir-writer.js:36:23',
56 error      '/usr/local/lib/node_modules/npm/node_modules/mkdirp/index.js:46:53',
56 error      'Object.oncomplete (fs.js:107:15)' ] }
57 error Please try running this command again as root/Administrator.
58 error System Darwin 14.0.0
59 error command "node" "/usr/local/bin/npm" "install" "-g" "livereloadx"
60 error cwd /Users/admin/proj/gvirial_website/modernist
61 error node -v v0.10.33
62 error npm -v 1.4.28
63 error path /usr/local/lib/node_modules/livereloadx
64 error fstream_path /usr/local/lib/node_modules/livereloadx
65 error fstream_type Directory
66 error fstream_class DirWriter
67 error code EACCES
68 error errno 3
69 error stack Error: EACCES, mkdir '/usr/local/lib/node_modules/livereloadx'
70 error fstream_stack /usr/local/lib/node_modules/npm/node_modules/fstream/lib/dir-writer.js:36:23
70 error fstream_stack /usr/local/lib/node_modules/npm/node_modules/mkdirp/index.js:46:53
70 error fstream_stack Object.oncomplete (fs.js:107:15)
71 verbose exit [ 3, true ]
